<?xml version="1.0" encoding="utf-8" standalone="no"?>
<test-results xmlns:xsi="http://www.w3.org/2001/XMLSchema-instance" xsi:noNamespaceSchemaLocation="nunit_schema_2.5.xsd" name="Pester" total="2" errors="0" failures="0" not-run="0" inconclusive="0" ignored="0" skipped="0" invalid="0" date="2023-07-10" time="15:52:40">
  <environment machine-name="LAPTOP-QO2UAD5B" user="charleskorb" platform="Microsoft Windows 11 Enterprise|C:\WINDOWS|\Device\Harddisk0\Partition3" os-version="10.0.22621" user-domain="REDMOND" nunit-version="2.5.8.0" clr-version="Unknown" cwd="C:\CustomPowershell\azure-powershell\src\DesktopVirtualization" />
  <culture-info current-culture="en-US" current-uiculture="en-US" />
  <test-suite type="TestFixture" name="Pester" executed="True" result="Success" success="True" time="4.2196" asserts="0" description="Pester">
    <results>
      <test-suite type="TestFixture" name="C:\CustomPowershell\azure-powershell\src\DesktopVirtualization\test\Remove-AzWvdAppAttachPackage.Tests.ps1" executed="True" result="Success" success="True" time="4.2196" asserts="0" description="C:\CustomPowershell\azure-powershell\src\DesktopVirtualization\test\Remove-AzWvdAppAttachPackage.Tests.ps1">
        <results>
          <test-suite type="TestFixture" name="Remove-AzWvdAppAttachPackage" executed="True" result="Success" success="True" time="4.2196" asserts="0" description="Remove-AzWvdAppAttachPackage">
            <results>
              <test-case description="Delete" name="Remove-AzWvdAppAttachPackage.Delete" time="3.2437" asserts="0" success="True" result="Success" executed="True" />
              <test-case description="DeleteImproved" name="Remove-AzWvdAppAttachPackage.DeleteImproved" time="0.9759" asserts="0" success="True" result="Success" executed="True" />
            </results>
          </test-suite>
        </results>
      </test-suite>
    </results>
  </test-suite>
</test-results>